<?xml version="1.0" encoding="UTF-8"?>
<testng-results skipped="0" failed="0" ignored="0" total="2" passed="2">
  <reporter-output>
  </reporter-output>
  <suite name="Suite" duration-ms="21928" started-at="2020-05-15T16:20:53Z" finished-at="2020-05-15T16:21:15Z">
    <groups>
    </groups>
    <test name="Test" duration-ms="21928" started-at="2020-05-15T16:20:53Z" finished-at="2020-05-15T16:21:15Z">
      <class name="com.testcases.Registertestcase">
        <test-method status="PASS" signature="stratUp()[pri:0, instance:com.testcases.Registertestcase@48140564]" name="stratUp" is-config="true" duration-ms="9101" started-at="2020-05-15T16:20:53Z" finished-at="2020-05-15T16:21:03Z">
          <reporter-output>
          </reporter-output>
        </test-method> <!-- stratUp -->
        <test-method status="PASS" signature="signup()[pri:0, instance:com.testcases.Registertestcase@48140564]" name="signup" duration-ms="1528" started-at="2020-05-15T16:21:03Z" finished-at="2020-05-15T16:21:04Z">
          <reporter-output>
          </reporter-output>
        </test-method> <!-- signup -->
        <test-method status="PASS" signature="close()[pri:0, instance:com.testcases.Registertestcase@48140564]" name="close" is-config="true" duration-ms="1011" started-at="2020-05-15T16:21:04Z" finished-at="2020-05-15T16:21:05Z">
          <reporter-output>
          </reporter-output>
        </test-method> <!-- close -->
      </class> <!-- com.testcases.Registertestcase -->
      <class name="com.testcases.Logintestcase">
        <test-method status="PASS" signature="stratUp()[pri:0, instance:com.testcases.Logintestcase@1d251891]" name="stratUp" is-config="true" duration-ms="9286" started-at="2020-05-15T16:20:53Z" finished-at="2020-05-15T16:21:03Z">
          <reporter-output>
          </reporter-output>
        </test-method> <!-- stratUp -->
        <test-method status="PASS" signature="login()[pri:0, instance:com.testcases.Logintestcase@1d251891]" name="login" duration-ms="561" started-at="2020-05-15T16:21:03Z" finished-at="2020-05-15T16:21:03Z">
          <reporter-output>
          </reporter-output>
        </test-method> <!-- login -->
        <test-method status="PASS" signature="close()[pri:0, instance:com.testcases.Logintestcase@1d251891]" name="close" is-config="true" duration-ms="12070" started-at="2020-05-15T16:21:03Z" finished-at="2020-05-15T16:21:15Z">
          <reporter-output>
          </reporter-output>
        </test-method> <!-- close -->
      </class> <!-- com.testcases.Logintestcase -->
    </test> <!-- Test -->
  </suite> <!-- Suite -->
</testng-results>
