<?xml version="1.0" encoding="UTF-8"?>
<testng-results skipped="0" failed="0" ignored="0" total="2" passed="2">
  <reporter-output>
  </reporter-output>
  <suite name="Suite" duration-ms="12242" started-at="2020-05-15T16:22:26Z" finished-at="2020-05-15T16:22:38Z">
    <groups>
    </groups>
    <test name="Test" duration-ms="12242" started-at="2020-05-15T16:22:26Z" finished-at="2020-05-15T16:22:38Z">
      <class name="com.testcases.Registertestcase">
        <test-method status="PASS" signature="stratUp()[pri:0, instance:com.testcases.Registertestcase@47c62251]" name="stratUp" is-config="true" duration-ms="8128" started-at="2020-05-15T16:22:26Z" finished-at="2020-05-15T16:22:34Z">
          <reporter-output>
          </reporter-output>
        </test-method> <!-- stratUp -->
        <test-method status="PASS" signature="signup()[pri:0, instance:com.testcases.Registertestcase@47c62251]" name="signup" duration-ms="1355" started-at="2020-05-15T16:22:34Z" finished-at="2020-05-15T16:22:35Z">
          <reporter-output>
          </reporter-output>
        </test-method> <!-- signup -->
        <test-method status="PASS" signature="close()[pri:0, instance:com.testcases.Registertestcase@47c62251]" name="close" is-config="true" duration-ms="2742" started-at="2020-05-15T16:22:35Z" finished-at="2020-05-15T16:22:38Z">
          <reporter-output>
          </reporter-output>
        </test-method> <!-- close -->
      </class> <!-- com.testcases.Registertestcase -->
      <class name="com.testcases.Logintestcase">
        <test-method status="PASS" signature="stratUp()[pri:0, instance:com.testcases.Logintestcase@6f7fd0e6]" name="stratUp" is-config="true" duration-ms="7877" started-at="2020-05-15T16:22:26Z" finished-at="2020-05-15T16:22:34Z">
          <reporter-output>
          </reporter-output>
        </test-method> <!-- stratUp -->
        <test-method status="PASS" signature="login()[pri:0, instance:com.testcases.Logintestcase@6f7fd0e6]" name="login" duration-ms="436" started-at="2020-05-15T16:22:34Z" finished-at="2020-05-15T16:22:34Z">
          <reporter-output>
          </reporter-output>
        </test-method> <!-- login -->
        <test-method status="PASS" signature="close()[pri:0, instance:com.testcases.Logintestcase@6f7fd0e6]" name="close" is-config="true" duration-ms="645" started-at="2020-05-15T16:22:34Z" finished-at="2020-05-15T16:22:35Z">
          <reporter-output>
          </reporter-output>
        </test-method> <!-- close -->
      </class> <!-- com.testcases.Logintestcase -->
    </test> <!-- Test -->
  </suite> <!-- Suite -->
</testng-results>
